<?xml version="1.0" encoding="UTF-8"?>
<!-- Generated by org.testng.reporters.JUnitReportReporter -->
<testsuite skipped="0" hostname="maheshwari-Vostro-3558" name="org.automation.testcase.TC_001validateLoginFunctionality" tests="1" failures="0" timestamp="19 Sep 2017 12:54:21 GMT" time="52.690" errors="0">
  <testcase name="tc_001testcase" time="52.690" classname="org.automation.testcase.TC_001validateLoginFunctionality"/>
</testsuite> <!-- org.automation.testcase.TC_001validateLoginFunctionality -->
